<?xml version="1.0" encoding="UTF-8"?>
<!-- Generated by org.testng.reporters.JUnitXMLReporter -->
<testsuite ignored="2" hostname="LTIN719780" failures="2" tests="4" name="Chrome Test" time="53.77" errors="0" timestamp="2026-04-30T09:19:04 IST">
  <testcase classname="tests.CourseAutomationTest" name="testSearchResultsPage" time="0.137">
    <failure type="java.lang.NullPointerException" message="Cannot invoke &amp;quot;org.openqa.selenium.WebDriver.findElement(org.openqa.selenium.By)&amp;quot; because &amp;quot;driver&amp;quot; is null">
      <![CDATA[java.lang.NullPointerException: Cannot invoke "org.openqa.selenium.WebDriver.findElement(org.openqa.selenium.By)" because "driver" is null
at org.openqa.selenium.support.ui.ExpectedConditions$7.apply(ExpectedConditions.java:224)
at org.openqa.selenium.support.ui.ExpectedConditions$7.apply(ExpectedConditions.java:217)
at org.openqa.selenium.support.ui.FluentWait.until(FluentWait.java:207)
at utils.ElementUtils.waitForElementVisible(ElementUtils.java:24)
at pages.SearchResultsPage.getCourseDetails(SearchResultsPage.java:38)
at tests.CourseAutomationTest.testSearchResultsPage(CourseAutomationTest.java:20)
at java.base/java.util.ArrayList.forEach(ArrayList.java:1596)
at java.base/java.util.concurrent.FutureTask.run(FutureTask.java:317)
at java.base/java.util.concurrent.ThreadPoolExecutor.runWorker(ThreadPoolExecutor.java:1144)
at java.base/java.util.concurrent.ThreadPoolExecutor$Worker.run(ThreadPoolExecutor.java:642)
at java.base/java.lang.Thread.run(Thread.java:1583)
... Removed 15 stack frames]]>
    </failure>
  </testcase> <!-- testSearchResultsPage -->
  <testcase classname="tests.TestLandingPage" name="testSearchWithEmptyInput" time="6.381"/>
  <testcase classname="tests.TestLandingPage" name="testSearchWithInvalidKeyword" time="26.009">
    <failure type="java.lang.AssertionError" message="Search page not loaded for invalid input expected [true] but found [false]">
      <![CDATA[java.lang.AssertionError: Search page not loaded for invalid input expected [true] but found [false]
at tests.TestLandingPage.testSearchWithInvalidKeyword(TestLandingPage.java:32)
at java.base/java.util.ArrayList.forEach(ArrayList.java:1596)
at java.base/java.util.concurrent.FutureTask.run(FutureTask.java:317)
at java.base/java.util.concurrent.ThreadPoolExecutor.runWorker(ThreadPoolExecutor.java:1144)
at java.base/java.util.concurrent.ThreadPoolExecutor$Worker.run(ThreadPoolExecutor.java:642)
at java.base/java.lang.Thread.run(Thread.java:1583)
... Removed 18 stack frames]]>
    </failure>
  </testcase> <!-- testSearchWithInvalidKeyword -->
  <testcase classname="tests.TestLandingPage" name="testSearchCourses" time="1.649"/>
  <testcase classname="tests.BaseTest" name="@BeforeTest setUp" time="0.0">
    <ignored/>
  </testcase> <!-- @BeforeTest setUp -->
  <testcase classname="tests.BaseTest" name="@AfterTest tearDown" time="0.0">
    <ignored/>
  </testcase> <!-- @AfterTest tearDown -->
</testsuite> <!-- Chrome Test -->
