<?xml version="1.0" encoding="UTF-8"?>
<!-- Generated by org.testng.reporters.JUnitXMLReporter -->
<testsuite ignored="12" hostname="LTIN719780" failures="0" tests="21" name="Chrome Test" time="217.514" errors="0" timestamp="2026-05-09T18:21:59 IST">
  <testcase classname="tests.TestLandingPage" name="verifySearchBoxEnabled" time="0.197"/>
  <testcase classname="tests.TestLandingPage" name="testSearchCourses" time="18.689"/>
  <testcase classname="tests.TestLandingPage" name="verifyPageTitle" time="0.025"/>
  <testcase classname="tests.TestSearchResultsPage" name="verifySearchResultsPageLoaded" time="0.412"/>
  <testcase classname="tests.TestSearchResultsPage" name="verifyLanguagesDisplayed" time="3.185"/>
  <testcase classname="tests.TestSearchResultsPage" name="testLanguageFilter" time="1.335"/>
  <testcase classname="tests.TestSearchResultsPage" name="verifyLevelsDisplayed" time="0.732"/>
  <testcase classname="tests.TestSearchResultsPage" name="testLevelFilter" time="0.903"/>
  <testcase classname="tests.TestSearchResultsPage" name="verifyFirstCourseDetails" time="0.614"/>
  <testcase classname="tests.TestSearchResultsPage" name="verifySecondCourseDetails" time="1.209"/>
  <testcase classname="tests.TestSearchResultsPage" name="printTopTwoCourses" time="0.974"/>
  <testcase classname="tests.TestCourseDetailsPage" name="validateFirstCourseWindow" time="21.831"/>
  <testcase classname="tests.TestCourseDetailsPage" name="validateSecondCourseWindow" time="26.892"/>
  <testcase classname="tests.TestEnterprisePage" name="verifyForCampusNavigation" time="57.096"/>
  <testcase classname="tests.TestEnterprisePage" name="verifyTextFieldsEnabled" time="0.553"/>
  <testcase classname="tests.TestEnterprisePage" name="fillBasicDetailsTest" time="2.525"/>
  <testcase classname="tests.TestEnterprisePage" name="verifyDropdownsEnabled" time="0.391"/>
  <testcase classname="tests.TestEnterprisePage" name="fillRemainingFormTest" time="4.472"/>
  <testcase classname="tests.TestEnterprisePage" name="verifySubmitButtonEnabled" time="0.068"/>
  <testcase classname="tests.TestEnterprisePage" name="validateInvalidEmailError" time="0.683"/>
  <testcase classname="tests.TestEnterprisePage" name="submitWithValidEmail" time="21.596"/>
  <testcase classname="tests.BaseTest" name="@AfterSuite endExcel" time="0.0">
    <ignored/>
  </testcase> <!-- @AfterSuite endExcel -->
  <testcase classname="tests.BaseTest" name="@AfterTest tearDown" time="0.0">
    <ignored/>
  </testcase> <!-- @AfterTest tearDown -->
  <testcase classname="tests.BaseTest" name="@BeforeSuite startExcel" time="0.0">
    <ignored/>
  </testcase> <!-- @BeforeSuite startExcel -->
  <testcase classname="tests.BaseTest" name="@AfterSuite endExcel" time="0.0">
    <ignored/>
  </testcase> <!-- @AfterSuite endExcel -->
  <testcase classname="tests.BaseTest" name="@BeforeSuite startExcel" time="0.0">
    <ignored/>
  </testcase> <!-- @BeforeSuite startExcel -->
  <testcase classname="tests.BaseTest" name="@BeforeSuite startExcel" time="0.0">
    <ignored/>
  </testcase> <!-- @BeforeSuite startExcel -->
  <testcase classname="tests.BaseTest" name="@BeforeTest setUp" time="0.0">
    <ignored/>
  </testcase> <!-- @BeforeTest setUp -->
  <testcase classname="tests.BaseTest" name="@AfterTest tearDown" time="0.0">
    <ignored/>
  </testcase> <!-- @AfterTest tearDown -->
  <testcase classname="tests.BaseTest" name="@AfterSuite endExcel" time="0.0">
    <ignored/>
  </testcase> <!-- @AfterSuite endExcel -->
  <testcase classname="tests.BaseTest" name="@BeforeTest setUp" time="0.0">
    <ignored/>
  </testcase> <!-- @BeforeTest setUp -->
  <testcase classname="tests.BaseTest" name="@AfterTest tearDown" time="0.0">
    <ignored/>
  </testcase> <!-- @AfterTest tearDown -->
  <testcase classname="tests.BaseTest" name="@BeforeTest setUp" time="0.0">
    <ignored/>
  </testcase> <!-- @BeforeTest setUp -->
</testsuite> <!-- Chrome Test -->
