<?xml version="1.0" encoding="UTF-8"?>
<testng-results ignored="0" total="16" passed="16" failed="0" skipped="0">
  <reporter-output>
  </reporter-output>
  <suite started-at="2026-05-06T15:26:55 IST" name="Parallel Browser Suite" finished-at="2026-05-06T15:28:30 IST" duration-ms="94613">
    <groups>
    </groups>
    <test started-at="2026-05-06T15:26:55 IST" name="Chrome Test" finished-at="2026-05-06T15:28:30 IST" duration-ms="94613">
      <class name="tests.TestLandingPage">
        <test-method is-config="true" signature="setUp(java.lang.String)[pri:0, instance:tests.TestLandingPage@682b2fa]" started-at="2026-05-06T15:26:55 IST" name="setUp" finished-at="2026-05-06T15:27:06 IST" duration-ms="10956" status="PASS">
          <params>
            <param index="0">
              <value>
                <![CDATA[chrome]]>
              </value>
            </param>
          </params>
          <reporter-output>
          </reporter-output>
        </test-method> <!-- setUp -->
        <test-method is-config="true" signature="init()[pri:0, instance:tests.TestLandingPage@682b2fa]" started-at="2026-05-06T15:27:06 IST" name="init" finished-at="2026-05-06T15:27:07 IST" duration-ms="82" status="PASS">
          <reporter-output>
          </reporter-output>
        </test-method> <!-- init -->
        <test-method signature="testSearchCourses()[pri:0, instance:tests.TestLandingPage@682b2fa]" started-at="2026-05-06T15:27:07 IST" name="testSearchCourses" finished-at="2026-05-06T15:27:15 IST" duration-ms="8224" status="PASS">
          <reporter-output>
          </reporter-output>
        </test-method> <!-- testSearchCourses -->
        <test-method is-config="true" signature="tearDown()[pri:0, instance:tests.TestLandingPage@682b2fa]" started-at="2026-05-06T15:28:20 IST" name="tearDown" finished-at="2026-05-06T15:28:30 IST" duration-ms="10034" status="PASS">
          <reporter-output>
          </reporter-output>
        </test-method> <!-- tearDown -->
      </class> <!-- tests.TestLandingPage -->
      <class name="tests.TestSearchResultsPage">
        <test-method is-config="true" signature="init()[pri:0, instance:tests.TestSearchResultsPage@6743e411]" started-at="2026-05-06T15:27:15 IST" name="init" finished-at="2026-05-06T15:27:15 IST" duration-ms="93" status="PASS">
          <reporter-output>
          </reporter-output>
        </test-method> <!-- init -->
        <test-method signature="verifySearchResultsPageLoaded()[pri:1, instance:tests.TestSearchResultsPage@6743e411]" started-at="2026-05-06T15:27:15 IST" name="verifySearchResultsPageLoaded" finished-at="2026-05-06T15:27:16 IST" duration-ms="591" status="PASS">
          <reporter-output>
          </reporter-output>
        </test-method> <!-- verifySearchResultsPageLoaded -->
        <test-method signature="verifyLanguagesDisplayed()[pri:2, instance:tests.TestSearchResultsPage@6743e411]" started-at="2026-05-06T15:27:16 IST" name="verifyLanguagesDisplayed" finished-at="2026-05-06T15:27:19 IST" duration-ms="3618" status="PASS">
          <reporter-output>
          </reporter-output>
        </test-method> <!-- verifyLanguagesDisplayed -->
        <test-method signature="testLanguageFilter()[pri:3, instance:tests.TestSearchResultsPage@6743e411]" started-at="2026-05-06T15:27:19 IST" name="testLanguageFilter" finished-at="2026-05-06T15:27:21 IST" duration-ms="1498" status="PASS">
          <reporter-output>
          </reporter-output>
        </test-method> <!-- testLanguageFilter -->
        <test-method signature="verifyLevelsDisplayed()[pri:4, instance:tests.TestSearchResultsPage@6743e411]" started-at="2026-05-06T15:27:21 IST" name="verifyLevelsDisplayed" finished-at="2026-05-06T15:27:22 IST" duration-ms="1210" status="PASS">
          <reporter-output>
          </reporter-output>
        </test-method> <!-- verifyLevelsDisplayed -->
        <test-method signature="testLevelFilter()[pri:5, instance:tests.TestSearchResultsPage@6743e411]" started-at="2026-05-06T15:27:22 IST" name="testLevelFilter" finished-at="2026-05-06T15:27:24 IST" duration-ms="2461" status="PASS">
          <reporter-output>
          </reporter-output>
        </test-method> <!-- testLevelFilter -->
        <test-method signature="verifyFirstCourseDetails()[pri:6, instance:tests.TestSearchResultsPage@6743e411]" started-at="2026-05-06T15:27:24 IST" name="verifyFirstCourseDetails" finished-at="2026-05-06T15:27:25 IST" duration-ms="895" status="PASS">
          <reporter-output>
          </reporter-output>
        </test-method> <!-- verifyFirstCourseDetails -->
        <test-method signature="verifySecondCourseDetails()[pri:7, instance:tests.TestSearchResultsPage@6743e411]" started-at="2026-05-06T15:27:25 IST" name="verifySecondCourseDetails" finished-at="2026-05-06T15:27:26 IST" duration-ms="815" status="PASS">
          <reporter-output>
          </reporter-output>
        </test-method> <!-- verifySecondCourseDetails -->
        <test-method signature="printTopTwoCourses()[pri:8, instance:tests.TestSearchResultsPage@6743e411]" started-at="2026-05-06T15:27:26 IST" name="printTopTwoCourses" finished-at="2026-05-06T15:27:27 IST" duration-ms="1105" status="PASS">
          <reporter-output>
          </reporter-output>
        </test-method> <!-- printTopTwoCourses -->
      </class> <!-- tests.TestSearchResultsPage -->
      <class name="tests.TestCourseDetailsPage">
        <test-method is-config="true" signature="init()[pri:0, instance:tests.TestCourseDetailsPage@3eb25e1a]" started-at="2026-05-06T15:27:27 IST" name="init" finished-at="2026-05-06T15:27:27 IST" duration-ms="66" status="PASS">
          <reporter-output>
          </reporter-output>
        </test-method> <!-- init -->
        <test-method signature="validateFirstCourseWindow()[pri:9, instance:tests.TestCourseDetailsPage@3eb25e1a]" started-at="2026-05-06T15:27:27 IST" name="validateFirstCourseWindow" finished-at="2026-05-06T15:27:35 IST" duration-ms="7577" status="PASS">
          <reporter-output>
          </reporter-output>
        </test-method> <!-- validateFirstCourseWindow -->
        <test-method signature="validateSecondCourseWindow()[pri:10, instance:tests.TestCourseDetailsPage@3eb25e1a]" started-at="2026-05-06T15:27:35 IST" name="validateSecondCourseWindow" finished-at="2026-05-06T15:27:40 IST" duration-ms="5537" status="PASS">
          <reporter-output>
          </reporter-output>
        </test-method> <!-- validateSecondCourseWindow -->
      </class> <!-- tests.TestCourseDetailsPage -->
      <class name="tests.TestEnterprisePage">
        <test-method is-config="true" signature="init()[pri:0, instance:tests.TestEnterprisePage@477b4cdf]" started-at="2026-05-06T15:27:40 IST" name="init" finished-at="2026-05-06T15:27:40 IST" duration-ms="4" status="PASS">
          <reporter-output>
          </reporter-output>
        </test-method> <!-- init -->
        <test-method signature="verifyForCampusNavigation()[pri:11, instance:tests.TestEnterprisePage@477b4cdf]" started-at="2026-05-06T15:27:40 IST" name="verifyForCampusNavigation" finished-at="2026-05-06T15:27:48 IST" duration-ms="8044" status="PASS">
          <reporter-output>
          </reporter-output>
        </test-method> <!-- verifyForCampusNavigation -->
        <test-method signature="fillBasicDetailsTest()[pri:12, instance:tests.TestEnterprisePage@477b4cdf]" started-at="2026-05-06T15:27:48 IST" name="fillBasicDetailsTest" finished-at="2026-05-06T15:27:52 IST" duration-ms="3131" status="PASS">
          <reporter-output>
          </reporter-output>
        </test-method> <!-- fillBasicDetailsTest -->
        <test-method signature="fillRemainingFormTest()[pri:13, instance:tests.TestEnterprisePage@477b4cdf]" started-at="2026-05-06T15:27:52 IST" name="fillRemainingFormTest" finished-at="2026-05-06T15:27:57 IST" duration-ms="5749" status="PASS">
          <reporter-output>
          </reporter-output>
        </test-method> <!-- fillRemainingFormTest -->
        <test-method signature="validateInvalidEmailError()[pri:14, instance:tests.TestEnterprisePage@477b4cdf]" started-at="2026-05-06T15:27:57 IST" name="validateInvalidEmailError" finished-at="2026-05-06T15:27:58 IST" duration-ms="707" status="PASS">
          <reporter-output>
          </reporter-output>
        </test-method> <!-- validateInvalidEmailError -->
        <test-method signature="submitWithValidEmail()[pri:15, instance:tests.TestEnterprisePage@477b4cdf]" started-at="2026-05-06T15:27:58 IST" name="submitWithValidEmail" finished-at="2026-05-06T15:28:20 IST" duration-ms="21952" status="PASS">
          <reporter-output>
          </reporter-output>
        </test-method> <!-- submitWithValidEmail -->
      </class> <!-- tests.TestEnterprisePage -->
    </test> <!-- Chrome Test -->
  </suite> <!-- Parallel Browser Suite -->
</testng-results>
