<?xml version="1.0" encoding="UTF-8"?>
<!-- Generated by org.testng.reporters.JUnitReportReporter -->
<testsuite hostname="LTIN719780" failures="0" tests="2" name="tests.TestCourseDetailsPage" time="48.822" errors="0" timestamp="2026-05-09T18:21:59 IST" skipped="0">
  <testcase classname="tests.TestCourseDetailsPage" name="validateFirstCourseWindow" time="21.890"/>
  <testcase classname="tests.TestCourseDetailsPage" name="validateSecondCourseWindow" time="26.932"/>
</testsuite> <!-- tests.TestCourseDetailsPage -->
