<?xml version="1.0" encoding="UTF-8"?>
<!-- Generated by org.testng.reporters.JUnitReportReporter -->
<testsuite hostname="LTIN719780" failures="0" tests="8" name="tests.TestSearchResultsPage" time="12.193" errors="0" timestamp="2026-05-06T15:28:30 IST" skipped="0">
  <testcase classname="tests.TestSearchResultsPage" name="verifySearchResultsPageLoaded" time="0.591"/>
  <testcase classname="tests.TestSearchResultsPage" name="verifyLanguagesDisplayed" time="3.618"/>
  <testcase classname="tests.TestSearchResultsPage" name="testLanguageFilter" time="1.498"/>
  <testcase classname="tests.TestSearchResultsPage" name="verifyLevelsDisplayed" time="1.210"/>
  <testcase classname="tests.TestSearchResultsPage" name="testLevelFilter" time="2.461"/>
  <testcase classname="tests.TestSearchResultsPage" name="verifyFirstCourseDetails" time="0.895"/>
  <testcase classname="tests.TestSearchResultsPage" name="verifySecondCourseDetails" time="0.815"/>
  <testcase classname="tests.TestSearchResultsPage" name="printTopTwoCourses" time="1.105"/>
</testsuite> <!-- tests.TestSearchResultsPage -->
