<?xml version="1.0" encoding="UTF-8"?>
<!-- Generated by org.testng.reporters.JUnitReportReporter -->
<testsuite hostname="LTIN719780" failures="0" tests="2" name="tests.TestCourseDetailsPage" time="13.114" errors="0" timestamp="2026-05-06T15:28:30 IST" skipped="0">
  <testcase classname="tests.TestCourseDetailsPage" name="validateFirstCourseWindow" time="7.577"/>
  <testcase classname="tests.TestCourseDetailsPage" name="validateSecondCourseWindow" time="5.537"/>
</testsuite> <!-- tests.TestCourseDetailsPage -->
