<?xml version="1.0" encoding="UTF-8"?>
<!-- Generated by org.testng.reporters.JUnitReportReporter -->
<testsuite hostname="LTIN719780" failures="0" tests="3" name="tests.TestLandingPage" time="19.154" errors="0" timestamp="2026-05-09T18:21:59 IST" skipped="0">
  <testcase classname="tests.TestLandingPage" name="verifySearchBoxEnabled" time="0.284"/>
  <testcase classname="tests.TestLandingPage" name="testSearchCourses" time="18.772"/>
  <testcase classname="tests.TestLandingPage" name="verifyPageTitle" time="0.098"/>
</testsuite> <!-- tests.TestLandingPage -->
