<?xml version="1.0" encoding="UTF-8"?>
<!-- Generated by org.testng.reporters.JUnitReportReporter -->
<testsuite hostname="LTIN719780" failures="0" tests="8" name="tests.TestEnterprisePage" time="87.879" errors="0" timestamp="2026-05-09T18:21:59 IST" skipped="0">
  <testcase classname="tests.TestEnterprisePage" name="verifyForCampusNavigation" time="57.151"/>
  <testcase classname="tests.TestEnterprisePage" name="verifyTextFieldsEnabled" time="0.651"/>
  <testcase classname="tests.TestEnterprisePage" name="fillBasicDetailsTest" time="2.566"/>
  <testcase classname="tests.TestEnterprisePage" name="verifyDropdownsEnabled" time="0.430"/>
  <testcase classname="tests.TestEnterprisePage" name="fillRemainingFormTest" time="4.520"/>
  <testcase classname="tests.TestEnterprisePage" name="verifySubmitButtonEnabled" time="0.151"/>
  <testcase classname="tests.TestEnterprisePage" name="validateInvalidEmailError" time="0.764"/>
  <testcase classname="tests.TestEnterprisePage" name="submitWithValidEmail" time="21.646"/>
</testsuite> <!-- tests.TestEnterprisePage -->
