<?xml version="1.0" encoding="UTF-8"?>
<!-- Generated by org.testng.reporters.JUnitXMLReporter -->
<testsuite ignored="4" hostname="LTIN719780" failures="3" tests="11" name="Chrome Test" time="44.899" errors="0" timestamp="2026-05-06T10:11:21 IST">
  <testcase classname="tests.TestLandingPage" name="testSearchCourses" time="7.573"/>
  <testcase classname="tests.TestSearchResultsPage" name="verifySearchResultsPageLoaded" time="0.565"/>
  <testcase classname="tests.TestSearchResultsPage" name="verifyLanguagesDisplayed" time="3.697"/>
  <testcase classname="tests.TestSearchResultsPage" name="testLanguageFilter" time="1.516"/>
  <testcase classname="tests.TestSearchResultsPage" name="verifyLevelsDisplayed" time="0.827"/>
  <testcase classname="tests.TestSearchResultsPage" name="testLevelFilter" time="2.144"/>
  <testcase classname="tests.TestSearchResultsPage" name="verifyFirstCourseDetails" time="0.666">
    <failure type="java.lang.StringIndexOutOfBoundsException" message="Range [1, 0) out of bounds for length 31">
      <![CDATA[java.lang.StringIndexOutOfBoundsException: Range [1, 0) out of bounds for length 31
at java.base/jdk.internal.util.Preconditions$1.apply(Preconditions.java:55)
at java.base/jdk.internal.util.Preconditions$1.apply(Preconditions.java:52)
at java.base/jdk.internal.util.Preconditions$4.apply(Preconditions.java:213)
at java.base/jdk.internal.util.Preconditions$4.apply(Preconditions.java:210)
at java.base/jdk.internal.util.Preconditions.outOfBounds(Preconditions.java:98)
at java.base/jdk.internal.util.Preconditions.outOfBoundsCheckFromToIndex(Preconditions.java:112)
at java.base/jdk.internal.util.Preconditions.checkFromToIndex(Preconditions.java:349)
at java.base/java.lang.String.checkBoundsBeginEnd(String.java:4855)
at java.base/java.lang.String.substring(String.java:2823)
at pages.SearchResultsPage.getCourseRating(SearchResultsPage.java:206)
at tests.TestSearchResultsPage.verifyFirstCourseDetails(TestSearchResultsPage.java:100)
at java.base/java.util.ArrayList.forEach(ArrayList.java:1596)
... Removed 25 stack frames]]>
    </failure>
  </testcase> <!-- verifyFirstCourseDetails -->
  <testcase classname="tests.TestSearchResultsPage" name="verifySecondCourseDetails" time="0.576">
    <failure type="java.lang.StringIndexOutOfBoundsException" message="Range [1, 0) out of bounds for length 40">
      <![CDATA[java.lang.StringIndexOutOfBoundsException: Range [1, 0) out of bounds for length 40
at java.base/jdk.internal.util.Preconditions$1.apply(Preconditions.java:55)
at java.base/jdk.internal.util.Preconditions$1.apply(Preconditions.java:52)
at java.base/jdk.internal.util.Preconditions$4.apply(Preconditions.java:213)
at java.base/jdk.internal.util.Preconditions$4.apply(Preconditions.java:210)
at java.base/jdk.internal.util.Preconditions.outOfBounds(Preconditions.java:98)
at java.base/jdk.internal.util.Preconditions.outOfBoundsCheckFromToIndex(Preconditions.java:112)
at java.base/jdk.internal.util.Preconditions.checkFromToIndex(Preconditions.java:349)
at java.base/java.lang.String.checkBoundsBeginEnd(String.java:4855)
at java.base/java.lang.String.substring(String.java:2823)
at pages.SearchResultsPage.getCourseRating(SearchResultsPage.java:206)
at tests.TestSearchResultsPage.verifySecondCourseDetails(TestSearchResultsPage.java:129)
at java.base/java.util.ArrayList.forEach(ArrayList.java:1596)
... Removed 25 stack frames]]>
    </failure>
  </testcase> <!-- verifySecondCourseDetails -->
  <testcase classname="tests.TestSearchResultsPage" name="printTopTwoCourses" time="0.652">
    <failure type="java.lang.StringIndexOutOfBoundsException" message="Range [1, 0) out of bounds for length 31">
      <![CDATA[java.lang.StringIndexOutOfBoundsException: Range [1, 0) out of bounds for length 31
at java.base/jdk.internal.util.Preconditions$1.apply(Preconditions.java:55)
at java.base/jdk.internal.util.Preconditions$1.apply(Preconditions.java:52)
at java.base/jdk.internal.util.Preconditions$4.apply(Preconditions.java:213)
at java.base/jdk.internal.util.Preconditions$4.apply(Preconditions.java:210)
at java.base/jdk.internal.util.Preconditions.outOfBounds(Preconditions.java:98)
at java.base/jdk.internal.util.Preconditions.outOfBoundsCheckFromToIndex(Preconditions.java:112)
at java.base/jdk.internal.util.Preconditions.checkFromToIndex(Preconditions.java:349)
at java.base/java.lang.String.checkBoundsBeginEnd(String.java:4855)
at java.base/java.lang.String.substring(String.java:2823)
at pages.SearchResultsPage.getCourseRating(SearchResultsPage.java:206)
at pages.SearchResultsPage.printFirstTwoCourses(SearchResultsPage.java:246)
at tests.TestSearchResultsPage.printTopTwoCourses(TestSearchResultsPage.java:144)
at java.base/java.util.ArrayList.forEach(ArrayList.java:1596)
... Removed 25 stack frames]]>
    </failure>
  </testcase> <!-- printTopTwoCourses -->
  <testcase classname="tests.TestCourseDetailsPage" name="validateFirstCourseWindow" time="5.832"/>
  <testcase classname="tests.TestCourseDetailsPage" name="validateSecondCourseWindow" time="4.448"/>
  <testcase classname="tests.BaseTest" name="@BeforeTest setUp" time="0.0">
    <ignored/>
  </testcase> <!-- @BeforeTest setUp -->
  <testcase classname="tests.BaseTest" name="@AfterTest tearDown" time="0.0">
    <ignored/>
  </testcase> <!-- @AfterTest tearDown -->
  <testcase classname="tests.BaseTest" name="@BeforeTest setUp" time="0.0">
    <ignored/>
  </testcase> <!-- @BeforeTest setUp -->
  <testcase classname="tests.BaseTest" name="@AfterTest tearDown" time="0.0">
    <ignored/>
  </testcase> <!-- @AfterTest tearDown -->
</testsuite> <!-- Chrome Test -->
